*** Using Compiler 'V5.06 update 7 (build 960)', folder: 'D:\Keil 5\keil 5\Core\ARM\ARMCC\Bin'
Build target 'Target 1'
compiling position.c...
MiddleWare\position.c(7): warning:  #223-D: function "approach_position_approach_method" declared implicitly
      approach(position_approach_method, x, y);
MiddleWare\position.c(8): warning:  #940-D: missing return statement at end of non-void function "position_approach" 
  } 
MiddleWare\position.c(13): warning:  #940-D: missing return statement at end of non-void function "map_distance_to_pulse" 
  }
MiddleWare\position.c(17): warning:  #940-D: missing return statement at end of non-void function "PID_calculate" 
  }
MiddleWare\position.c(20): warning:  #1-D: last line of file ends without a newline
   
MiddleWare\position.c(11): warning:  #177-D: function "map_distance_to_pulse"  was declared but never referenced
  static uint8_t map_distance_to_pulse(uint16_t distance){
MiddleWare\position.c(15): warning:  #177-D: function "PID_calculate"  was declared but never referenced
  static uint8_t PID_calculate(uint16_t target, uint16_t error){
MiddleWare\position.c: 7 warnings, 0 errors
linking...
.\Objects\project.axf: Error: L6218E: Undefined symbol approach_position_approach_method (referred from position.o).
Not enough information to list image symbols.
Not enough information to list load addresses in the image map.
Finished: 2 information, 0 warning and 1 error messages.
".\Objects\project.axf" - 1 Error(s), 7 Warning(s).
Target not created.
Build Time Elapsed:  00:00:03
